<?xml version="1.0" encoding="UTF-8"?>
<!-- Generated by org.testng.reporters.JUnitReportReporter -->
<testsuite hostname="Kunal-PC" name="org.testing.TestCases.Class_TC1" tests="1" failures="0" timestamp="27 Apr 2019 05:51:26 GMT" time="92.621" errors="0">
  <testcase name="SignInTrending" time="92.621" classname="org.testing.TestCases.Class_TC1"/>
</testsuite> <!-- org.testing.TestCases.Class_TC1 -->
