<?xml version="1.0" encoding="UTF-8"?>
<!-- Generated by org.testng.reporters.JUnitReportReporter -->
<testsuite hostname="Kunal-PC" name="org.testing.TestCases.Class_TC2" tests="1" failures="0" timestamp="26 Apr 2019 17:35:38 GMT" time="89.243" errors="0">
  <testcase name="SignInSubscription" time="89.243" classname="org.testing.TestCases.Class_TC2"/>
</testsuite> <!-- org.testing.TestCases.Class_TC2 -->
