<?xml version="1.0" encoding="UTF-8"?>
<!-- Generated by org.testng.reporters.JUnitReportReporter -->
<testsuite hostname="Kunal-PC" name="org.testing.TestCases.Class_TC4" tests="1" failures="0" timestamp="22 Apr 2019 14:49:16 GMT" time="55.109" errors="0">
  <testcase name="SignInVideoSubscribe" time="55.109" classname="org.testing.TestCases.Class_TC4"/>
</testsuite> <!-- org.testing.TestCases.Class_TC4 -->
